[ 2018-05-02T08:16:12+08:00 ] ::1 /sign/
INFO: [ app_init ] --START--
INFO: Run Behavior\BuildLiteBehavior [ RunTime:0.000016s ]
INFO: [ app_init ] --END-- [ RunTime:0.047301s ]
INFO: [ app_begin ] --START--
INFO: Run Behavior\ReadHtmlCacheBehavior [ RunTime:0.478550s ]
INFO: [ app_begin ] --END-- [ RunTime:0.478616s ]
INFO: [ view_parse ] --START--
INFO: [ template_filter ] --START--
INFO: Run Behavior\ContentReplaceBehavior [ RunTime:0.000105s ]
INFO: [ template_filter ] --END-- [ RunTime:0.000160s ]
INFO: Run Behavior\ParseTemplateBehavior [ RunTime:0.293157s ]
INFO: [ view_parse ] --END-- [ RunTime:0.293248s ]
INFO: [ view_filter ] --START--
INFO: Run Behavior\WriteHtmlCacheBehavior [ RunTime:0.024557s ]
INFO: [ view_filter ] --END-- [ RunTime:0.024628s ]
INFO: [ app_end ] --START--
INFO: Run Behavior\ShowPageTraceBehavior [ RunTime:0.030780s ]
INFO: [ app_end ] --END-- [ RunTime:0.030839s ]

[ 2018-05-02T08:16:19+08:00 ] ::1 /sign/index.php/Home/index/adminlogin.html
INFO: [ app_init ] --START--
INFO: Run Behavior\BuildLiteBehavior [ RunTime:0.000014s ]
INFO: [ app_init ] --END-- [ RunTime:0.000416s ]
INFO: [ app_begin ] --START--
INFO: Run Behavior\ReadHtmlCacheBehavior [ RunTime:0.001001s ]
INFO: [ app_begin ] --END-- [ RunTime:0.001083s ]
SQL: SELECT * FROM `sign_admin` WHERE `username` = 'admin' AND `password` = 'admin' LIMIT 1   [ RunTime:0.0823s ]
INFO: [ view_parse ] --START--
INFO: [ template_filter ] --START--
INFO: Run Behavior\ContentReplaceBehavior [ RunTime:0.000040s ]
INFO: [ template_filter ] --END-- [ RunTime:0.000087s ]
INFO: Run Behavior\ParseTemplateBehavior [ RunTime:0.206757s ]
INFO: [ view_parse ] --END-- [ RunTime:0.206813s ]
INFO: [ view_filter ] --START--
INFO: Run Behavior\WriteHtmlCacheBehavior [ RunTime:0.000521s ]
INFO: [ view_filter ] --END-- [ RunTime:0.000554s ]
INFO: [ app_end ] --START--
INFO: Run Behavior\ShowPageTraceBehavior [ RunTime:0.000667s ]
INFO: [ app_end ] --END-- [ RunTime:0.000703s ]

[ 2018-05-02T08:16:21+08:00 ] ::1 /sign/index.php/Home/index/main.html
INFO: [ app_init ] --START--
INFO: Run Behavior\BuildLiteBehavior [ RunTime:0.000011s ]
INFO: [ app_init ] --END-- [ RunTime:0.000371s ]
INFO: [ app_begin ] --START--
INFO: Run Behavior\ReadHtmlCacheBehavior [ RunTime:0.000459s ]
INFO: [ app_begin ] --END-- [ RunTime:0.000510s ]
INFO: [ view_parse ] --START--
INFO: [ template_filter ] --START--
INFO: Run Behavior\ContentReplaceBehavior [ RunTime:0.000038s ]
INFO: [ template_filter ] --END-- [ RunTime:0.000083s ]
INFO: Run Behavior\ParseTemplateBehavior [ RunTime:0.192506s ]
INFO: [ view_parse ] --END-- [ RunTime:0.192578s ]
INFO: [ view_filter ] --START--
INFO: Run Behavior\WriteHtmlCacheBehavior [ RunTime:0.000327s ]
INFO: [ view_filter ] --END-- [ RunTime:0.000371s ]
INFO: [ app_end ] --START--
INFO: Run Behavior\ShowPageTraceBehavior [ RunTime:0.000495s ]
INFO: [ app_end ] --END-- [ RunTime:0.000539s ]

[ 2018-05-02T08:16:26+08:00 ] ::1 /sign/index.php/Home/Index/yonghuliebiao.html
INFO: [ app_init ] --START--
INFO: Run Behavior\BuildLiteBehavior [ RunTime:0.000012s ]
INFO: [ app_init ] --END-- [ RunTime:0.000366s ]
INFO: [ app_begin ] --START--
INFO: Run Behavior\ReadHtmlCacheBehavior [ RunTime:0.000491s ]
INFO: [ app_begin ] --END-- [ RunTime:0.000547s ]
SQL: SELECT * FROM `sign_user`  [ RunTime:0.2116s ]
INFO: [ view_parse ] --START--
INFO: [ template_filter ] --START--
INFO: Run Behavior\ContentReplaceBehavior [ RunTime:0.000052s ]
INFO: [ template_filter ] --END-- [ RunTime:0.000094s ]
INFO: Run Behavior\ParseTemplateBehavior [ RunTime:0.268634s ]
INFO: [ view_parse ] --END-- [ RunTime:0.268702s ]
INFO: [ view_filter ] --START--
INFO: Run Behavior\WriteHtmlCacheBehavior [ RunTime:0.000303s ]
INFO: [ view_filter ] --END-- [ RunTime:0.000334s ]
INFO: [ app_end ] --START--
INFO: Run Behavior\ShowPageTraceBehavior [ RunTime:0.000811s ]
INFO: [ app_end ] --END-- [ RunTime:0.000869s ]

[ 2018-05-02T08:16:33+08:00 ] ::1 /sign/index.php/Home/Index/shouhuoliebiao.html
INFO: [ app_init ] --START--
INFO: Run Behavior\BuildLiteBehavior [ RunTime:0.000012s ]
INFO: [ app_init ] --END-- [ RunTime:0.000467s ]
INFO: [ app_begin ] --START--
INFO: Run Behavior\ReadHtmlCacheBehavior [ RunTime:0.000750s ]
INFO: [ app_begin ] --END-- [ RunTime:0.000802s ]
SQL: SELECT * FROM `sign_address`  [ RunTime:0.6683s ]
SQL: SELECT COUNT(*) AS tp_count FROM `sign_address` LIMIT 1   [ RunTime:0.0003s ]
SQL: SELECT * FROM `sign_user` WHERE ( id=1 ) LIMIT 1   [ RunTime:0.0004s ]
SQL: SELECT * FROM `sign_user` WHERE ( id=2 ) LIMIT 1   [ RunTime:0.0003s ]
SQL: SELECT * FROM `sign_user` WHERE ( id=5 ) LIMIT 1   [ RunTime:0.0003s ]
SQL: SELECT * FROM `sign_user` WHERE ( id=2 ) LIMIT 1   [ RunTime:0.0004s ]
SQL: SELECT * FROM `sign_user` WHERE ( id=5 ) LIMIT 1   [ RunTime:0.0005s ]
INFO: [ view_parse ] --START--
INFO: [ template_filter ] --START--
INFO: Run Behavior\ContentReplaceBehavior [ RunTime:0.000047s ]
INFO: [ template_filter ] --END-- [ RunTime:0.000089s ]
INFO: Run Behavior\ParseTemplateBehavior [ RunTime:0.082883s ]
INFO: [ view_parse ] --END-- [ RunTime:0.082949s ]
INFO: [ view_filter ] --START--
INFO: Run Behavior\WriteHtmlCacheBehavior [ RunTime:0.000611s ]
INFO: [ view_filter ] --END-- [ RunTime:0.000645s ]
INFO: [ app_end ] --START--
INFO: Run Behavior\ShowPageTraceBehavior [ RunTime:0.000798s ]
INFO: [ app_end ] --END-- [ RunTime:0.000846s ]

[ 2018-05-02T08:16:37+08:00 ] ::1 /sign/index.php/Home/Index/dingdanliebiao.html
INFO: [ app_init ] --START--
INFO: Run Behavior\BuildLiteBehavior [ RunTime:0.000011s ]
INFO: [ app_init ] --END-- [ RunTime:0.000359s ]
INFO: [ app_begin ] --START--
INFO: Run Behavior\ReadHtmlCacheBehavior [ RunTime:0.000512s ]
INFO: [ app_begin ] --END-- [ RunTime:0.000561s ]
SQL: SELECT * FROM `sign_order`  [ RunTime:0.0448s ]
SQL: SELECT COUNT(*) AS tp_count FROM `sign_order` LIMIT 1   [ RunTime:0.0002s ]
SQL: SELECT * FROM `sign_user` WHERE ( id=1 ) LIMIT 1   [ RunTime:0.0003s ]
SQL: SELECT * FROM `sign_user` WHERE ( id=2 ) LIMIT 1   [ RunTime:0.0003s ]
SQL: SELECT * FROM `sign_user` WHERE ( id=5 ) LIMIT 1   [ RunTime:0.0003s ]
SQL: SELECT * FROM `sign_user` WHERE ( id=1 ) LIMIT 1   [ RunTime:0.0003s ]
SQL: SELECT * FROM `sign_user` WHERE ( id=2 ) LIMIT 1   [ RunTime:0.0003s ]
INFO: [ view_parse ] --START--
INFO: [ template_filter ] --START--
INFO: Run Behavior\ContentReplaceBehavior [ RunTime:0.000048s ]
INFO: [ template_filter ] --END-- [ RunTime:0.000092s ]
INFO: Run Behavior\ParseTemplateBehavior [ RunTime:0.054770s ]
INFO: [ view_parse ] --END-- [ RunTime:0.054824s ]
INFO: [ view_filter ] --START--
INFO: Run Behavior\WriteHtmlCacheBehavior [ RunTime:0.000310s ]
INFO: [ view_filter ] --END-- [ RunTime:0.000342s ]
INFO: [ app_end ] --START--
INFO: Run Behavior\ShowPageTraceBehavior [ RunTime:0.001043s ]
INFO: [ app_end ] --END-- [ RunTime:0.001105s ]

[ 2018-05-02T08:17:11+08:00 ] ::1 /sign/index.php/Home/Index/wuliuliebiao.html
INFO: [ app_init ] --START--
INFO: Run Behavior\BuildLiteBehavior [ RunTime:0.000014s ]
INFO: [ app_init ] --END-- [ RunTime:0.001155s ]
INFO: [ app_begin ] --START--
INFO: Run Behavior\ReadHtmlCacheBehavior [ RunTime:0.002670s ]
INFO: [ app_begin ] --END-- [ RunTime:0.002735s ]
SQL: SELECT * FROM `sign_logistics`  [ RunTime:0.0202s ]
SQL: SELECT COUNT(*) AS tp_count FROM `sign_logistics` LIMIT 1   [ RunTime:0.0002s ]
SQL: SELECT * FROM `sign_user` WHERE ( id=1 ) LIMIT 1   [ RunTime:0.0004s ]
SQL: SELECT * FROM `sign_user` WHERE ( id=2 ) LIMIT 1   [ RunTime:0.0003s ]
SQL: SELECT * FROM `sign_user` WHERE ( id=5 ) LIMIT 1   [ RunTime:0.0003s ]
SQL: SELECT * FROM `sign_user` WHERE ( id=2 ) LIMIT 1   [ RunTime:0.0003s ]
SQL: SELECT * FROM `sign_user` WHERE ( id=1 ) LIMIT 1   [ RunTime:0.0003s ]
INFO: [ view_parse ] --START--
INFO: [ template_filter ] --START--
INFO: Run Behavior\ContentReplaceBehavior [ RunTime:0.000044s ]
INFO: [ template_filter ] --END-- [ RunTime:0.000085s ]
INFO: Run Behavior\ParseTemplateBehavior [ RunTime:0.056737s ]
INFO: [ view_parse ] --END-- [ RunTime:0.056816s ]
INFO: [ view_filter ] --START--
INFO: Run Behavior\WriteHtmlCacheBehavior [ RunTime:0.002478s ]
INFO: [ view_filter ] --END-- [ RunTime:0.002513s ]
INFO: [ app_end ] --START--
INFO: Run Behavior\ShowPageTraceBehavior [ RunTime:0.008869s ]
INFO: [ app_end ] --END-- [ RunTime:0.008931s ]

[ 2018-05-02T08:17:20+08:00 ] ::1 /sign/index.php/Home/Index/xiugaiwuliu/id/4.html
INFO: [ app_init ] --START--
INFO: Run Behavior\BuildLiteBehavior [ RunTime:0.000014s ]
INFO: [ app_init ] --END-- [ RunTime:0.000947s ]
INFO: [ app_begin ] --START--
INFO: Run Behavior\ReadHtmlCacheBehavior [ RunTime:0.002601s ]
INFO: [ app_begin ] --END-- [ RunTime:0.002655s ]
SQL: SELECT * FROM `sign_logistics` WHERE ( id=4 ) LIMIT 1   [ RunTime:0.0003s ]
SQL: SELECT * FROM `sign_user` WHERE ( id=2 ) LIMIT 1   [ RunTime:0.0004s ]
INFO: [ view_parse ] --START--
INFO: [ template_filter ] --START--
INFO: Run Behavior\ContentReplaceBehavior [ RunTime:0.000045s ]
INFO: [ template_filter ] --END-- [ RunTime:0.000086s ]
INFO: Run Behavior\ParseTemplateBehavior [ RunTime:0.091522s ]
INFO: [ view_parse ] --END-- [ RunTime:0.091584s ]
INFO: [ view_filter ] --START--
INFO: Run Behavior\WriteHtmlCacheBehavior [ RunTime:0.002738s ]
INFO: [ view_filter ] --END-- [ RunTime:0.002781s ]
INFO: [ app_end ] --START--
INFO: Run Behavior\ShowPageTraceBehavior [ RunTime:0.003220s ]
INFO: [ app_end ] --END-- [ RunTime:0.003300s ]

[ 2018-05-02T08:17:45+08:00 ] ::1 /sign/index.php/Home/Index/wuliuxiugai.html
INFO: [ app_init ] --START--
INFO: Run Behavior\BuildLiteBehavior [ RunTime:0.000013s ]
INFO: [ app_init ] --END-- [ RunTime:0.000910s ]
INFO: [ app_begin ] --START--
INFO: Run Behavior\ReadHtmlCacheBehavior [ RunTime:0.002774s ]
INFO: [ app_begin ] --END-- [ RunTime:0.002832s ]
SQL: UPDATE `sign_logistics` SET `id`='4',`name`='文件柜',`time`='1312321',`status`='已揽件，待装车。' WHERE ( id=4 ) [ RunTime:0.1999s ]
INFO: [ view_parse ] --START--
INFO: [ template_filter ] --START--
INFO: Run Behavior\ContentReplaceBehavior [ RunTime:0.000062s ]
INFO: [ template_filter ] --END-- [ RunTime:0.000150s ]
INFO: Run Behavior\ParseTemplateBehavior [ RunTime:0.017860s ]
INFO: [ view_parse ] --END-- [ RunTime:0.017923s ]
INFO: [ view_filter ] --START--
INFO: Run Behavior\WriteHtmlCacheBehavior [ RunTime:0.002745s ]
INFO: [ view_filter ] --END-- [ RunTime:0.002793s ]
INFO: [ app_end ] --START--
INFO: Run Behavior\ShowPageTraceBehavior [ RunTime:0.002770s ]
INFO: [ app_end ] --END-- [ RunTime:0.002819s ]

[ 2018-05-02T08:17:48+08:00 ] ::1 /sign/index.php/Home/index/wuliuliebiao.html
INFO: [ app_init ] --START--
INFO: Run Behavior\BuildLiteBehavior [ RunTime:0.000012s ]
INFO: [ app_init ] --END-- [ RunTime:0.001047s ]
INFO: [ app_begin ] --START--
INFO: Run Behavior\ReadHtmlCacheBehavior [ RunTime:0.002836s ]
INFO: [ app_begin ] --END-- [ RunTime:0.002901s ]
SQL: SELECT * FROM `sign_logistics`  [ RunTime:0.0003s ]
SQL: SELECT COUNT(*) AS tp_count FROM `sign_logistics` LIMIT 1   [ RunTime:0.0002s ]
SQL: SELECT * FROM `sign_user` WHERE ( id=1 ) LIMIT 1   [ RunTime:0.0003s ]
SQL: SELECT * FROM `sign_user` WHERE ( id=2 ) LIMIT 1   [ RunTime:0.0003s ]
SQL: SELECT * FROM `sign_user` WHERE ( id=5 ) LIMIT 1   [ RunTime:0.0003s ]
SQL: SELECT * FROM `sign_user` WHERE ( id=2 ) LIMIT 1   [ RunTime:0.0002s ]
SQL: SELECT * FROM `sign_user` WHERE ( id=1 ) LIMIT 1   [ RunTime:0.0002s ]
INFO: [ view_parse ] --START--
INFO: [ template_filter ] --START--
INFO: Run Behavior\ContentReplaceBehavior [ RunTime:0.000048s ]
INFO: [ template_filter ] --END-- [ RunTime:0.000094s ]
INFO: Run Behavior\ParseTemplateBehavior [ RunTime:0.021045s ]
INFO: [ view_parse ] --END-- [ RunTime:0.021109s ]
INFO: [ view_filter ] --START--
INFO: Run Behavior\WriteHtmlCacheBehavior [ RunTime:0.003536s ]
INFO: [ view_filter ] --END-- [ RunTime:0.003586s ]
INFO: [ app_end ] --START--
INFO: Run Behavior\ShowPageTraceBehavior [ RunTime:0.010226s ]
INFO: [ app_end ] --END-- [ RunTime:0.010314s ]

[ 2018-05-02T08:18:39+08:00 ] ::1 /sign/index.php/Home/Index/shenqingliebiao.html
INFO: [ app_init ] --START--
INFO: Run Behavior\BuildLiteBehavior [ RunTime:0.000012s ]
INFO: [ app_init ] --END-- [ RunTime:0.000963s ]
INFO: [ app_begin ] --START--
INFO: Run Behavior\ReadHtmlCacheBehavior [ RunTime:0.002666s ]
INFO: [ app_begin ] --END-- [ RunTime:0.002734s ]
SQL: SELECT * FROM `sign_service`  [ RunTime:0.0191s ]
SQL: SELECT COUNT(*) AS tp_count FROM `sign_service` LIMIT 1   [ RunTime:0.0003s ]
SQL: SELECT * FROM `sign_user` WHERE ( id=1 ) LIMIT 1   [ RunTime:0.0004s ]
INFO: [ view_parse ] --START--
INFO: [ template_filter ] --START--
INFO: Run Behavior\ContentReplaceBehavior [ RunTime:0.000050s ]
INFO: [ template_filter ] --END-- [ RunTime:0.000095s ]
INFO: Run Behavior\ParseTemplateBehavior [ RunTime:0.072402s ]
INFO: [ view_parse ] --END-- [ RunTime:0.072461s ]
INFO: [ view_filter ] --START--
INFO: Run Behavior\WriteHtmlCacheBehavior [ RunTime:0.002513s ]
INFO: [ view_filter ] --END-- [ RunTime:0.002550s ]
INFO: [ app_end ] --START--
INFO: Run Behavior\ShowPageTraceBehavior [ RunTime:0.002634s ]
INFO: [ app_end ] --END-- [ RunTime:0.002670s ]

[ 2018-05-02T08:18:44+08:00 ] ::1 /sign/index.php/Home/Index/jinduliebiao.html
INFO: [ app_init ] --START--
INFO: Run Behavior\BuildLiteBehavior [ RunTime:0.000012s ]
INFO: [ app_init ] --END-- [ RunTime:0.000935s ]
INFO: [ app_begin ] --START--
INFO: Run Behavior\ReadHtmlCacheBehavior [ RunTime:0.002561s ]
INFO: [ app_begin ] --END-- [ RunTime:0.002611s ]
SQL: SELECT * FROM `sign_service`  [ RunTime:0.0003s ]
SQL: SELECT COUNT(*) AS tp_count FROM `sign_service` LIMIT 1   [ RunTime:0.0002s ]
SQL: SELECT * FROM `sign_user` WHERE ( id=1 ) LIMIT 1   [ RunTime:0.0003s ]
INFO: [ view_parse ] --START--
INFO: [ template_filter ] --START--
INFO: Run Behavior\ContentReplaceBehavior [ RunTime:0.000054s ]
INFO: [ template_filter ] --END-- [ RunTime:0.000111s ]
INFO: Run Behavior\ParseTemplateBehavior [ RunTime:0.069071s ]
INFO: [ view_parse ] --END-- [ RunTime:0.069140s ]
INFO: [ view_filter ] --START--
INFO: Run Behavior\WriteHtmlCacheBehavior [ RunTime:0.002600s ]
INFO: [ view_filter ] --END-- [ RunTime:0.002639s ]
INFO: [ app_end ] --START--
INFO: Run Behavior\ShowPageTraceBehavior [ RunTime:0.002608s ]
INFO: [ app_end ] --END-- [ RunTime:0.002646s ]

[ 2018-05-02T08:18:51+08:00 ] ::1 /sign/index.php/Home/Index/haocailiebiao.html
INFO: [ app_init ] --START--
INFO: Run Behavior\BuildLiteBehavior [ RunTime:0.000020s ]
INFO: [ app_init ] --END-- [ RunTime:0.001190s ]
INFO: [ app_begin ] --START--
INFO: Run Behavior\ReadHtmlCacheBehavior [ RunTime:0.002740s ]
INFO: [ app_begin ] --END-- [ RunTime:0.002805s ]
SQL: SELECT * FROM `sign_material`  [ RunTime:0.0006s ]
INFO: [ view_parse ] --START--
INFO: [ template_filter ] --START--
INFO: Run Behavior\ContentReplaceBehavior [ RunTime:0.000062s ]
INFO: [ template_filter ] --END-- [ RunTime:0.000118s ]
INFO: Run Behavior\ParseTemplateBehavior [ RunTime:0.111862s ]
INFO: [ view_parse ] --END-- [ RunTime:0.111932s ]
INFO: [ view_filter ] --START--
INFO: Run Behavior\WriteHtmlCacheBehavior [ RunTime:0.002479s ]
INFO: [ view_filter ] --END-- [ RunTime:0.002514s ]
INFO: [ app_end ] --START--
INFO: Run Behavior\ShowPageTraceBehavior [ RunTime:0.002995s ]
INFO: [ app_end ] --END-- [ RunTime:0.003044s ]

[ 2018-05-02T08:19:23+08:00 ] ::1 /sign/index.php/Home/Index/yonghuliebiao.html
INFO: [ app_init ] --START--
INFO: Run Behavior\BuildLiteBehavior [ RunTime:0.000012s ]
INFO: [ app_init ] --END-- [ RunTime:0.000553s ]
INFO: [ app_begin ] --START--
INFO: Run Behavior\ReadHtmlCacheBehavior [ RunTime:0.002651s ]
INFO: [ app_begin ] --END-- [ RunTime:0.002716s ]
SQL: SELECT * FROM `sign_user`  [ RunTime:0.0004s ]
INFO: [ view_parse ] --START--
INFO: [ template_filter ] --START--
INFO: Run Behavior\ContentReplaceBehavior [ RunTime:0.000068s ]
INFO: [ template_filter ] --END-- [ RunTime:0.000129s ]
INFO: Run Behavior\ParseTemplateBehavior [ RunTime:0.021330s ]
INFO: [ view_parse ] --END-- [ RunTime:0.021402s ]
INFO: [ view_filter ] --START--
INFO: Run Behavior\WriteHtmlCacheBehavior [ RunTime:0.001276s ]
INFO: [ view_filter ] --END-- [ RunTime:0.001322s ]
INFO: [ app_end ] --START--
INFO: Run Behavior\ShowPageTraceBehavior [ RunTime:0.002423s ]
INFO: [ app_end ] --END-- [ RunTime:0.002510s ]

[ 2018-05-02T08:19:39+08:00 ] ::1 /sign/index.php/Home/Index/yonghuliebiao.html
INFO: [ app_init ] --START--
INFO: Run Behavior\BuildLiteBehavior [ RunTime:0.000011s ]
INFO: [ app_init ] --END-- [ RunTime:0.000471s ]
INFO: [ app_begin ] --START--
INFO: Run Behavior\ReadHtmlCacheBehavior [ RunTime:0.001186s ]
INFO: [ app_begin ] --END-- [ RunTime:0.001238s ]
SQL: SELECT * FROM `sign_user`  [ RunTime:0.0004s ]
INFO: [ view_parse ] --START--
INFO: [ template_filter ] --START--
INFO: Run Behavior\ContentReplaceBehavior [ RunTime:0.000060s ]
INFO: [ template_filter ] --END-- [ RunTime:0.000108s ]
INFO: Run Behavior\ParseTemplateBehavior [ RunTime:0.014524s ]
INFO: [ view_parse ] --END-- [ RunTime:0.014580s ]
INFO: [ view_filter ] --START--
INFO: Run Behavior\WriteHtmlCacheBehavior [ RunTime:0.001082s ]
INFO: [ view_filter ] --END-- [ RunTime:0.001118s ]
INFO: [ app_end ] --START--
INFO: Run Behavior\ShowPageTraceBehavior [ RunTime:0.002089s ]
INFO: [ app_end ] --END-- [ RunTime:0.002168s ]

[ 2018-05-02T08:20:04+08:00 ] ::1 /sign/index.php/Home/Index/dingdanliebiao.html
INFO: [ app_init ] --START--
INFO: Run Behavior\BuildLiteBehavior [ RunTime:0.000013s ]
INFO: [ app_init ] --END-- [ RunTime:0.000470s ]
INFO: [ app_begin ] --START--
INFO: Run Behavior\ReadHtmlCacheBehavior [ RunTime:0.001245s ]
INFO: [ app_begin ] --END-- [ RunTime:0.001308s ]
SQL: SELECT * FROM `sign_order`  [ RunTime:0.0004s ]
SQL: SELECT COUNT(*) AS tp_count FROM `sign_order` LIMIT 1   [ RunTime:0.0002s ]
SQL: SELECT * FROM `sign_user` WHERE ( id=1 ) LIMIT 1   [ RunTime:0.0004s ]
SQL: SELECT * FROM `sign_user` WHERE ( id=2 ) LIMIT 1   [ RunTime:0.0003s ]
SQL: SELECT * FROM `sign_user` WHERE ( id=5 ) LIMIT 1   [ RunTime:0.0003s ]
SQL: SELECT * FROM `sign_user` WHERE ( id=1 ) LIMIT 1   [ RunTime:0.0003s ]
SQL: SELECT * FROM `sign_user` WHERE ( id=2 ) LIMIT 1   [ RunTime:0.0003s ]
INFO: [ view_parse ] --START--
INFO: [ template_filter ] --START--
INFO: Run Behavior\ContentReplaceBehavior [ RunTime:0.000048s ]
INFO: [ template_filter ] --END-- [ RunTime:0.000094s ]
INFO: Run Behavior\ParseTemplateBehavior [ RunTime:0.014070s ]
INFO: [ view_parse ] --END-- [ RunTime:0.014135s ]
INFO: [ view_filter ] --START--
INFO: Run Behavior\WriteHtmlCacheBehavior [ RunTime:0.001101s ]
INFO: [ view_filter ] --END-- [ RunTime:0.001138s ]
INFO: [ app_end ] --START--
INFO: Run Behavior\ShowPageTraceBehavior [ RunTime:0.001774s ]
INFO: [ app_end ] --END-- [ RunTime:0.001847s ]

[ 2018-05-02T08:27:38+08:00 ] ::1 /sign/index.php/Home/Number/
INFO: [ app_init ] --START--
INFO: Run Behavior\BuildLiteBehavior [ RunTime:0.000012s ]
INFO: [ app_init ] --END-- [ RunTime:0.000558s ]
INFO: [ app_begin ] --START--
INFO: Run Behavior\ReadHtmlCacheBehavior [ RunTime:0.001236s ]
INFO: [ app_begin ] --END-- [ RunTime:0.001290s ]
ERR: 非法操作:index

[ 2018-05-02T08:27:46+08:00 ] ::1 /sign/index.php/Home/Number/number/
INFO: [ app_init ] --START--
INFO: Run Behavior\BuildLiteBehavior [ RunTime:0.000012s ]
INFO: [ app_init ] --END-- [ RunTime:0.000571s ]
INFO: [ app_begin ] --START--
INFO: Run Behavior\ReadHtmlCacheBehavior [ RunTime:0.001193s ]
INFO: [ app_begin ] --END-- [ RunTime:0.001244s ]
SQL: SELECT * FROM `sign_order`  [ RunTime:0.0004s ]
SQL: SELECT COUNT(*) AS tp_count FROM `sign_order` LIMIT 1   [ RunTime:0.0002s ]
INFO: [ app_end ] --START--
INFO: Run Behavior\ShowPageTraceBehavior [ RunTime:0.001422s ]
INFO: [ app_end ] --END-- [ RunTime:0.001472s ]

[ 2018-05-02T08:28:22+08:00 ] ::1 /sign/index.php/Home/Number/number/
INFO: [ app_init ] --START--
INFO: Run Behavior\BuildLiteBehavior [ RunTime:0.000017s ]
INFO: [ app_init ] --END-- [ RunTime:0.000596s ]
INFO: [ app_begin ] --START--
INFO: Run Behavior\ReadHtmlCacheBehavior [ RunTime:0.001722s ]
INFO: [ app_begin ] --END-- [ RunTime:0.001844s ]
SQL: SELECT * FROM `sign_order`  [ RunTime:0.0005s ]
SQL: SELECT COUNT(*) AS tp_count FROM `sign_order` LIMIT 1   [ RunTime:0.0003s ]
SQL: SELECT * FROM `sign_user` WHERE ( id=1 ) LIMIT 1   [ RunTime:0.0004s ]
SQL: SELECT * FROM `sign_user` WHERE ( id=2 ) LIMIT 1   [ RunTime:0.0003s ]
SQL: SELECT * FROM `sign_user` WHERE ( id=5 ) LIMIT 1   [ RunTime:0.0003s ]
SQL: SELECT * FROM `sign_user` WHERE ( id=1 ) LIMIT 1   [ RunTime:0.0003s ]
SQL: SELECT * FROM `sign_user` WHERE ( id=2 ) LIMIT 1   [ RunTime:0.0003s ]
INFO: [ app_end ] --START--
INFO: Run Behavior\ShowPageTraceBehavior [ RunTime:0.001342s ]
INFO: [ app_end ] --END-- [ RunTime:0.001383s ]

[ 2018-05-02T08:28:27+08:00 ] ::1 /sign/index.php/Home/Number/number/
INFO: [ app_init ] --START--
INFO: Run Behavior\BuildLiteBehavior [ RunTime:0.000012s ]
INFO: [ app_init ] --END-- [ RunTime:0.000475s ]
INFO: [ app_begin ] --START--
INFO: Run Behavior\ReadHtmlCacheBehavior [ RunTime:0.001169s ]
INFO: [ app_begin ] --END-- [ RunTime:0.001217s ]
SQL: SELECT * FROM `sign_order`  [ RunTime:0.0003s ]
SQL: SELECT COUNT(*) AS tp_count FROM `sign_order` LIMIT 1   [ RunTime:0.0002s ]
SQL: SELECT * FROM `sign_user` WHERE ( id=1 ) LIMIT 1   [ RunTime:0.0003s ]
SQL: SELECT * FROM `sign_user` WHERE ( id=2 ) LIMIT 1   [ RunTime:0.0003s ]
SQL: SELECT * FROM `sign_user` WHERE ( id=5 ) LIMIT 1   [ RunTime:0.0003s ]
SQL: SELECT * FROM `sign_user` WHERE ( id=1 ) LIMIT 1   [ RunTime:0.0003s ]
SQL: SELECT * FROM `sign_user` WHERE ( id=2 ) LIMIT 1   [ RunTime:0.0003s ]
INFO: [ app_end ] --START--
INFO: Run Behavior\ShowPageTraceBehavior [ RunTime:0.001400s ]
INFO: [ app_end ] --END-- [ RunTime:0.001443s ]

[ 2018-05-02T08:29:01+08:00 ] ::1 /sign/index.php/Home/Number/number/
INFO: [ app_init ] --START--
INFO: Run Behavior\BuildLiteBehavior [ RunTime:0.000011s ]
INFO: [ app_init ] --END-- [ RunTime:0.000486s ]
INFO: [ app_begin ] --START--
INFO: Run Behavior\ReadHtmlCacheBehavior [ RunTime:0.003189s ]
INFO: [ app_begin ] --END-- [ RunTime:0.003304s ]
SQL: SELECT * FROM `sign_order`  [ RunTime:0.0003s ]
SQL: SELECT COUNT(*) AS tp_count FROM `sign_order` LIMIT 1   [ RunTime:0.0002s ]
SQL: SELECT * FROM `sign_user` WHERE ( id=1 ) LIMIT 1   [ RunTime:0.0004s ]
SQL: SELECT * FROM `sign_user` WHERE ( id=2 ) LIMIT 1   [ RunTime:0.0003s ]
SQL: SELECT * FROM `sign_user` WHERE ( id=5 ) LIMIT 1   [ RunTime:0.0003s ]
SQL: SELECT * FROM `sign_user` WHERE ( id=1 ) LIMIT 1   [ RunTime:0.0002s ]
SQL: SELECT * FROM `sign_user` WHERE ( id=2 ) LIMIT 1   [ RunTime:0.0002s ]
INFO: [ app_end ] --START--
INFO: Run Behavior\ShowPageTraceBehavior [ RunTime:0.002174s ]
INFO: [ app_end ] --END-- [ RunTime:0.002246s ]

[ 2018-05-02T08:34:53+08:00 ] ::1 /sign/index.php/Home/Number/number/
INFO: [ app_init ] --START--
INFO: Run Behavior\BuildLiteBehavior [ RunTime:0.000012s ]
INFO: [ app_init ] --END-- [ RunTime:0.000482s ]
INFO: [ app_begin ] --START--
INFO: Run Behavior\ReadHtmlCacheBehavior [ RunTime:0.001218s ]
INFO: [ app_begin ] --END-- [ RunTime:0.001278s ]
SQL: SELECT * FROM `sign_order`  [ RunTime:0.0004s ]
SQL: SELECT COUNT(*) AS tp_count FROM `sign_order` LIMIT 1   [ RunTime:0.0006s ]
ERR: 1054:Unknown column 'number' in 'field list'
 [ SQL语句 ] : SELECT SUM(number) AS tp_sum FROM `sign_order` WHERE ( id=1 ) LIMIT 1  
ERR: 1054:Unknown column 'number' in 'field list'
 [ SQL语句 ] : SELECT SUM(number) AS tp_sum FROM `sign_order` WHERE ( id=1 ) LIMIT 1  

[ 2018-05-02T08:35:42+08:00 ] ::1 /sign/index.php/Home/Number/number/
INFO: [ app_init ] --START--
INFO: Run Behavior\BuildLiteBehavior [ RunTime:0.000022s ]
INFO: [ app_init ] --END-- [ RunTime:0.000586s ]
INFO: [ app_begin ] --START--
INFO: Run Behavior\ReadHtmlCacheBehavior [ RunTime:0.001197s ]
INFO: [ app_begin ] --END-- [ RunTime:0.001252s ]
SQL: SELECT * FROM `sign_order`  [ RunTime:0.0003s ]
SQL: SELECT COUNT(*) AS tp_count FROM `sign_order` LIMIT 1   [ RunTime:0.0002s ]
ERR: 1054:Unknown column 'number' in 'field list'
 [ SQL语句 ] : SELECT SUM(number) AS tp_sum FROM `sign_order` WHERE ( uid=1 ) LIMIT 1  
ERR: 1054:Unknown column 'number' in 'field list'
 [ SQL语句 ] : SELECT SUM(number) AS tp_sum FROM `sign_order` WHERE ( uid=1 ) LIMIT 1  

[ 2018-05-02T08:35:43+08:00 ] ::1 /sign/index.php/Home/Number/number/
INFO: [ app_init ] --START--
INFO: Run Behavior\BuildLiteBehavior [ RunTime:0.000021s ]
INFO: [ app_init ] --END-- [ RunTime:0.000749s ]
INFO: [ app_begin ] --START--
INFO: Run Behavior\ReadHtmlCacheBehavior [ RunTime:0.001271s ]
INFO: [ app_begin ] --END-- [ RunTime:0.001329s ]
SQL: SELECT * FROM `sign_order`  [ RunTime:0.0003s ]
SQL: SELECT COUNT(*) AS tp_count FROM `sign_order` LIMIT 1   [ RunTime:0.0002s ]
ERR: 1054:Unknown column 'number' in 'field list'
 [ SQL语句 ] : SELECT SUM(number) AS tp_sum FROM `sign_order` WHERE ( uid=1 ) LIMIT 1  
ERR: 1054:Unknown column 'number' in 'field list'
 [ SQL语句 ] : SELECT SUM(number) AS tp_sum FROM `sign_order` WHERE ( uid=1 ) LIMIT 1  

[ 2018-05-02T08:36:58+08:00 ] ::1 /sign/index.php/Home/Number/number/
INFO: [ app_init ] --START--
INFO: Run Behavior\BuildLiteBehavior [ RunTime:0.000036s ]
INFO: [ app_init ] --END-- [ RunTime:0.000969s ]
INFO: [ app_begin ] --START--
INFO: Run Behavior\ReadHtmlCacheBehavior [ RunTime:0.001349s ]
INFO: [ app_begin ] --END-- [ RunTime:0.001415s ]
SQL: SELECT * FROM `sign_order`  [ RunTime:0.0004s ]
SQL: SELECT COUNT(*) AS tp_count FROM `sign_order` LIMIT 1   [ RunTime:0.0002s ]
SQL: SELECT * FROM `sign_user` WHERE ( id=1 ) LIMIT 1   [ RunTime:0.0004s ]
SQL: SELECT * FROM `sign_user` WHERE ( id=2 ) LIMIT 1   [ RunTime:0.0003s ]
SQL: SELECT * FROM `sign_user` WHERE ( id=5 ) LIMIT 1   [ RunTime:0.0003s ]
SQL: SELECT * FROM `sign_user` WHERE ( id=1 ) LIMIT 1   [ RunTime:0.0003s ]
SQL: SELECT * FROM `sign_user` WHERE ( id=2 ) LIMIT 1   [ RunTime:0.0003s ]
NOTIC: [8] Undefined variable: number E:\xampp\htdocs\sign\Application\Home\Controller\NumberController.class.php 第 17 行.
INFO: [ app_end ] --START--
INFO: Run Behavior\ShowPageTraceBehavior [ RunTime:0.001551s ]
INFO: [ app_end ] --END-- [ RunTime:0.001601s ]

[ 2018-05-02T08:37:47+08:00 ] ::1 /sign/index.php/Home/Number/number/
INFO: [ app_init ] --START--
INFO: Run Behavior\BuildLiteBehavior [ RunTime:0.000020s ]
INFO: [ app_init ] --END-- [ RunTime:0.000873s ]
INFO: [ app_begin ] --START--
INFO: Run Behavior\ReadHtmlCacheBehavior [ RunTime:0.002128s ]
INFO: [ app_begin ] --END-- [ RunTime:0.002221s ]
SQL: SELECT * FROM `sign_order`  [ RunTime:0.0004s ]
SQL: SELECT COUNT(*) AS tp_count FROM `sign_order` LIMIT 1   [ RunTime:0.0003s ]
ERR: 1054:Unknown column 'number' in 'field list'
 [ SQL语句 ] : SELECT SUM(number) AS tp_sum FROM `sign_order` WHERE ( uid=1 ) LIMIT 1  
ERR: 1054:Unknown column 'number' in 'field list'
 [ SQL语句 ] : SELECT SUM(number) AS tp_sum FROM `sign_order` WHERE ( uid=1 ) LIMIT 1  

[ 2018-05-02T08:38:32+08:00 ] ::1 /sign/index.php/Home/Number/number/
INFO: [ app_init ] --START--
INFO: Run Behavior\BuildLiteBehavior [ RunTime:0.000011s ]
INFO: [ app_init ] --END-- [ RunTime:0.000471s ]
INFO: [ app_begin ] --START--
INFO: Run Behavior\ReadHtmlCacheBehavior [ RunTime:0.001193s ]
INFO: [ app_begin ] --END-- [ RunTime:0.001244s ]
SQL: SELECT * FROM `sign_order`  [ RunTime:0.0004s ]
SQL: SELECT COUNT(*) AS tp_count FROM `sign_order` LIMIT 1   [ RunTime:0.0002s ]
SQL: SELECT SUM(price) AS tp_sum FROM `sign_order` WHERE ( uid=1 ) LIMIT 1   [ RunTime:0.0003s ]
SQL: SELECT * FROM `sign_user` WHERE ( id=1 ) LIMIT 1   [ RunTime:0.0003s ]
SQL: SELECT SUM(price) AS tp_sum FROM `sign_order` WHERE ( uid=2 ) LIMIT 1   [ RunTime:0.0002s ]
SQL: SELECT * FROM `sign_user` WHERE ( id=2 ) LIMIT 1   [ RunTime:0.0003s ]
SQL: SELECT SUM(price) AS tp_sum FROM `sign_order` WHERE ( uid=5 ) LIMIT 1   [ RunTime:0.0002s ]
SQL: SELECT * FROM `sign_user` WHERE ( id=5 ) LIMIT 1   [ RunTime:0.0003s ]
SQL: SELECT SUM(price) AS tp_sum FROM `sign_order` WHERE ( uid=1 ) LIMIT 1   [ RunTime:0.0002s ]
SQL: SELECT * FROM `sign_user` WHERE ( id=1 ) LIMIT 1   [ RunTime:0.0003s ]
SQL: SELECT SUM(price) AS tp_sum FROM `sign_order` WHERE ( uid=2 ) LIMIT 1   [ RunTime:0.0003s ]
SQL: SELECT * FROM `sign_user` WHERE ( id=2 ) LIMIT 1   [ RunTime:0.0003s ]
INFO: [ app_end ] --START--
INFO: Run Behavior\ShowPageTraceBehavior [ RunTime:0.001575s ]
INFO: [ app_end ] --END-- [ RunTime:0.001629s ]

[ 2018-05-02T08:39:40+08:00 ] ::1 /sign/index.php/Home/Number/number/
INFO: [ app_init ] --START--
INFO: Run Behavior\BuildLiteBehavior [ RunTime:0.000012s ]
INFO: [ app_init ] --END-- [ RunTime:0.000475s ]
INFO: [ app_begin ] --START--
INFO: Run Behavior\ReadHtmlCacheBehavior [ RunTime:0.001195s ]
INFO: [ app_begin ] --END-- [ RunTime:0.001248s ]
SQL: SELECT * FROM `sign_order`  [ RunTime:0.0004s ]
SQL: SELECT COUNT(*) AS tp_count FROM `sign_order` LIMIT 1   [ RunTime:0.0002s ]
SQL: SELECT SUM(price) AS tp_sum FROM `sign_order` WHERE ( uid=1 ) LIMIT 1   [ RunTime:0.0002s ]
SQL: SELECT * FROM `sign_user` WHERE ( id=1 ) LIMIT 1   [ RunTime:0.0004s ]
SQL: SELECT SUM(price) AS tp_sum FROM `sign_order` WHERE ( uid=2 ) LIMIT 1   [ RunTime:0.0003s ]
SQL: SELECT * FROM `sign_user` WHERE ( id=2 ) LIMIT 1   [ RunTime:0.0007s ]
SQL: SELECT SUM(price) AS tp_sum FROM `sign_order` WHERE ( uid=5 ) LIMIT 1   [ RunTime:0.0004s ]
SQL: SELECT * FROM `sign_user` WHERE ( id=5 ) LIMIT 1   [ RunTime:0.0003s ]
SQL: SELECT SUM(price) AS tp_sum FROM `sign_order` WHERE ( uid=1 ) LIMIT 1   [ RunTime:0.0003s ]
SQL: SELECT * FROM `sign_user` WHERE ( id=1 ) LIMIT 1   [ RunTime:0.0003s ]
SQL: SELECT SUM(price) AS tp_sum FROM `sign_order` WHERE ( uid=2 ) LIMIT 1   [ RunTime:0.0002s ]
SQL: SELECT * FROM `sign_user` WHERE ( id=2 ) LIMIT 1   [ RunTime:0.0003s ]
INFO: [ app_end ] --START--
INFO: Run Behavior\ShowPageTraceBehavior [ RunTime:0.001440s ]
INFO: [ app_end ] --END-- [ RunTime:0.001487s ]

[ 2018-05-02T08:50:20+08:00 ] ::1 /sign/index.php/Home/Number/number/
INFO: [ app_init ] --START--
INFO: Run Behavior\BuildLiteBehavior [ RunTime:0.000012s ]
INFO: [ app_init ] --END-- [ RunTime:0.000467s ]
INFO: [ app_begin ] --START--
INFO: Run Behavior\ReadHtmlCacheBehavior [ RunTime:0.001177s ]
INFO: [ app_begin ] --END-- [ RunTime:0.001226s ]
SQL: SELECT * FROM `sign_order`  [ RunTime:0.0004s ]
SQL: SELECT COUNT(*) AS tp_count FROM `sign_order` LIMIT 1   [ RunTime:0.0002s ]
SQL: SELECT SUM(price) AS tp_sum FROM `sign_order` WHERE ( uid=1 ) LIMIT 1   [ RunTime:0.0003s ]
NOTIC: [8] Array to string conversion E:\xampp\htdocs\sign\Application\Home\Controller\NumberController.class.php 第 14 行.
ERR: 1064:You have an error in your SQL syntax; check the manual that corresponds to your MariaDB server version for the right syntax to use near '['uid']' at line 1
 [ SQL语句 ] : update sign_user set number='500' where id =Array['uid']
ERR: 1064:You have an error in your SQL syntax; check the manual that corresponds to your MariaDB server version for the right syntax to use near '['uid']' at line 1
 [ SQL语句 ] : update sign_user set number='500' where id =Array['uid']

[ 2018-05-02T08:50:44+08:00 ] ::1 /sign/index.php/Home/Number/number/
INFO: [ app_init ] --START--
INFO: Run Behavior\BuildLiteBehavior [ RunTime:0.000020s ]
INFO: [ app_init ] --END-- [ RunTime:0.000766s ]
INFO: [ app_begin ] --START--
INFO: Run Behavior\ReadHtmlCacheBehavior [ RunTime:0.002139s ]
INFO: [ app_begin ] --END-- [ RunTime:0.002240s ]
SQL: SELECT * FROM `sign_order`  [ RunTime:0.0003s ]
SQL: SELECT COUNT(*) AS tp_count FROM `sign_order` LIMIT 1   [ RunTime:0.0002s ]
SQL: SELECT SUM(price) AS tp_sum FROM `sign_order` WHERE ( uid=1 ) LIMIT 1   [ RunTime:0.0002s ]
NOTIC: [8] Array to string conversion E:\xampp\htdocs\sign\Application\Home\Controller\NumberController.class.php 第 14 行.
ERR: 1064:You have an error in your SQL syntax; check the manual that corresponds to your MariaDB server version for the right syntax to use near '[uid]' at line 1
 [ SQL语句 ] : update sign_user set number='500' where id =Array[uid]
ERR: 1064:You have an error in your SQL syntax; check the manual that corresponds to your MariaDB server version for the right syntax to use near '[uid]' at line 1
 [ SQL语句 ] : update sign_user set number='500' where id =Array[uid]

[ 2018-05-02T08:51:49+08:00 ] ::1 /sign/index.php/Home/Number/number/
INFO: [ app_init ] --START--
INFO: Run Behavior\BuildLiteBehavior [ RunTime:0.000018s ]
INFO: [ app_init ] --END-- [ RunTime:0.001641s ]
INFO: [ app_begin ] --START--
INFO: Run Behavior\ReadHtmlCacheBehavior [ RunTime:0.001175s ]
INFO: [ app_begin ] --END-- [ RunTime:0.001227s ]
SQL: SELECT * FROM `sign_order`  [ RunTime:0.0004s ]
SQL: SELECT COUNT(*) AS tp_count FROM `sign_order` LIMIT 1   [ RunTime:0.0002s ]
SQL: SELECT SUM(price) AS tp_sum FROM `sign_order` WHERE ( uid=1 ) LIMIT 1   [ RunTime:0.0002s ]
NOTIC: [8] Array to string conversion E:\xampp\htdocs\sign\Application\Home\Controller\NumberController.class.php 第 14 行.
SQL: update sign_user set number='500' where id ='Array[uid]' [ RunTime:0.0002s ]
SQL: SELECT * FROM `sign_user` WHERE ( id=1 ) LIMIT 1   [ RunTime:0.0003s ]
SQL: SELECT SUM(price) AS tp_sum FROM `sign_order` WHERE ( uid=2 ) LIMIT 1   [ RunTime:0.0002s ]
NOTIC: [8] Array to string conversion E:\xampp\htdocs\sign\Application\Home\Controller\NumberController.class.php 第 14 行.
SQL: update sign_user set number='600' where id ='Array[uid]' [ RunTime:0.0002s ]
SQL: SELECT * FROM `sign_user` WHERE ( id=2 ) LIMIT 1   [ RunTime:0.0003s ]
SQL: SELECT SUM(price) AS tp_sum FROM `sign_order` WHERE ( uid=5 ) LIMIT 1   [ RunTime:0.0002s ]
NOTIC: [8] Array to string conversion E:\xampp\htdocs\sign\Application\Home\Controller\NumberController.class.php 第 14 行.
SQL: update sign_user set number='100' where id ='Array[uid]' [ RunTime:0.0002s ]
SQL: SELECT * FROM `sign_user` WHERE ( id=5 ) LIMIT 1   [ RunTime:0.0003s ]
SQL: SELECT SUM(price) AS tp_sum FROM `sign_order` WHERE ( uid=1 ) LIMIT 1   [ RunTime:0.0002s ]
NOTIC: [8] Array to string conversion E:\xampp\htdocs\sign\Application\Home\Controller\NumberController.class.php 第 14 行.
SQL: update sign_user set number='500' where id ='Array[uid]' [ RunTime:0.0002s ]
SQL: SELECT * FROM `sign_user` WHERE ( id=1 ) LIMIT 1   [ RunTime:0.0003s ]
SQL: SELECT SUM(price) AS tp_sum FROM `sign_order` WHERE ( uid=2 ) LIMIT 1   [ RunTime:0.0002s ]
NOTIC: [8] Array to string conversion E:\xampp\htdocs\sign\Application\Home\Controller\NumberController.class.php 第 14 行.
SQL: update sign_user set number='600' where id ='Array[uid]' [ RunTime:0.0002s ]
SQL: SELECT * FROM `sign_user` WHERE ( id=2 ) LIMIT 1   [ RunTime:0.0003s ]
INFO: [ app_end ] --START--
INFO: Run Behavior\ShowPageTraceBehavior [ RunTime:0.001352s ]
INFO: [ app_end ] --END-- [ RunTime:0.001396s ]

[ 2018-05-02T08:52:32+08:00 ] ::1 /sign/index.php/Home/Number/number/
INFO: [ app_init ] --START--
INFO: Run Behavior\BuildLiteBehavior [ RunTime:0.000013s ]
INFO: [ app_init ] --END-- [ RunTime:0.000475s ]
INFO: [ app_begin ] --START--
INFO: Run Behavior\ReadHtmlCacheBehavior [ RunTime:0.002307s ]
INFO: [ app_begin ] --END-- [ RunTime:0.002436s ]
SQL: SELECT * FROM `sign_order`  [ RunTime:0.0003s ]
SQL: SELECT COUNT(*) AS tp_count FROM `sign_order` LIMIT 1   [ RunTime:0.0002s ]
SQL: SELECT SUM(price) AS tp_sum FROM `sign_order` WHERE ( uid=1 ) LIMIT 1   [ RunTime:0.0002s ]
NOTIC: [8] Array to string conversion E:\xampp\htdocs\sign\Application\Home\Controller\NumberController.class.php 第 14 行.
SQL: update sign_user set number='500' where id ='Array[uid]' [ RunTime:0.0002s ]
SQL: SELECT * FROM `sign_user` WHERE ( id=1 ) LIMIT 1   [ RunTime:0.0004s ]
SQL: SELECT SUM(price) AS tp_sum FROM `sign_order` WHERE ( uid=2 ) LIMIT 1   [ RunTime:0.0003s ]
NOTIC: [8] Array to string conversion E:\xampp\htdocs\sign\Application\Home\Controller\NumberController.class.php 第 14 行.
SQL: update sign_user set number='600' where id ='Array[uid]' [ RunTime:0.0002s ]
SQL: SELECT * FROM `sign_user` WHERE ( id=2 ) LIMIT 1   [ RunTime:0.0003s ]
SQL: SELECT SUM(price) AS tp_sum FROM `sign_order` WHERE ( uid=5 ) LIMIT 1   [ RunTime:0.0003s ]
NOTIC: [8] Array to string conversion E:\xampp\htdocs\sign\Application\Home\Controller\NumberController.class.php 第 14 行.
SQL: update sign_user set number='100' where id ='Array[uid]' [ RunTime:0.0002s ]
SQL: SELECT * FROM `sign_user` WHERE ( id=5 ) LIMIT 1   [ RunTime:0.0004s ]
SQL: SELECT SUM(price) AS tp_sum FROM `sign_order` WHERE ( uid=1 ) LIMIT 1   [ RunTime:0.0003s ]
NOTIC: [8] Array to string conversion E:\xampp\htdocs\sign\Application\Home\Controller\NumberController.class.php 第 14 行.
SQL: update sign_user set number='500' where id ='Array[uid]' [ RunTime:0.0002s ]
SQL: SELECT * FROM `sign_user` WHERE ( id=1 ) LIMIT 1   [ RunTime:0.0003s ]
SQL: SELECT SUM(price) AS tp_sum FROM `sign_order` WHERE ( uid=2 ) LIMIT 1   [ RunTime:0.0003s ]
NOTIC: [8] Array to string conversion E:\xampp\htdocs\sign\Application\Home\Controller\NumberController.class.php 第 14 行.
SQL: update sign_user set number='600' where id ='Array[uid]' [ RunTime:0.0002s ]
SQL: SELECT * FROM `sign_user` WHERE ( id=2 ) LIMIT 1   [ RunTime:0.0003s ]
INFO: [ app_end ] --START--
INFO: Run Behavior\ShowPageTraceBehavior [ RunTime:0.001443s ]
INFO: [ app_end ] --END-- [ RunTime:0.001490s ]

[ 2018-05-02T08:53:11+08:00 ] ::1 /sign/index.php/Home/Number/number/
INFO: [ app_init ] --START--
INFO: Run Behavior\BuildLiteBehavior [ RunTime:0.000013s ]
INFO: [ app_init ] --END-- [ RunTime:0.000820s ]
INFO: [ app_begin ] --START--
INFO: Run Behavior\ReadHtmlCacheBehavior [ RunTime:0.002247s ]
INFO: [ app_begin ] --END-- [ RunTime:0.002306s ]
SQL: SELECT * FROM `sign_order`  [ RunTime:0.0004s ]
SQL: SELECT COUNT(*) AS tp_count FROM `sign_order` LIMIT 1   [ RunTime:0.0003s ]
SQL: SELECT SUM(price) AS tp_sum FROM `sign_order` WHERE ( uid=1 ) LIMIT 1   [ RunTime:0.0003s ]
NOTIC: [8] Array to string conversion E:\xampp\htdocs\sign\Application\Home\Controller\NumberController.class.php 第 14 行.
SQL: update sign_user set number='500' where id ='Array[uid]' [ RunTime:0.0003s ]

[ 2018-05-02T08:53:13+08:00 ] ::1 /sign/index.php/Home/Number/
INFO: [ app_init ] --START--
INFO: Run Behavior\BuildLiteBehavior [ RunTime:0.000013s ]
INFO: [ app_init ] --END-- [ RunTime:0.000864s ]
INFO: [ app_begin ] --START--
INFO: Run Behavior\ReadHtmlCacheBehavior [ RunTime:0.002266s ]
INFO: [ app_begin ] --END-- [ RunTime:0.002320s ]
ERR: 非法操作:index

[ 2018-05-02T08:53:35+08:00 ] ::1 /sign/index.php/Home/Number/
INFO: [ app_init ] --START--
INFO: Run Behavior\BuildLiteBehavior [ RunTime:0.000013s ]
INFO: [ app_init ] --END-- [ RunTime:0.000824s ]
INFO: [ app_begin ] --START--
INFO: Run Behavior\ReadHtmlCacheBehavior [ RunTime:0.002329s ]
INFO: [ app_begin ] --END-- [ RunTime:0.002386s ]
ERR: 非法操作:index

[ 2018-05-02T08:53:38+08:00 ] ::1 /sign/index.php/Home/Number/
INFO: [ app_init ] --START--
INFO: Run Behavior\BuildLiteBehavior [ RunTime:0.000012s ]
INFO: [ app_init ] --END-- [ RunTime:0.000848s ]
INFO: [ app_begin ] --START--
INFO: Run Behavior\ReadHtmlCacheBehavior [ RunTime:0.003379s ]
INFO: [ app_begin ] --END-- [ RunTime:0.003446s ]
ERR: 非法操作:index

[ 2018-05-02T08:53:56+08:00 ] ::1 /sign/index.php/Home/Number/
INFO: [ app_init ] --START--
INFO: Run Behavior\BuildLiteBehavior [ RunTime:0.000020s ]
INFO: [ app_init ] --END-- [ RunTime:0.001394s ]
INFO: [ app_begin ] --START--
INFO: Run Behavior\ReadHtmlCacheBehavior [ RunTime:0.004157s ]
INFO: [ app_begin ] --END-- [ RunTime:0.004252s ]
ERR: 非法操作:index

[ 2018-05-02T08:53:57+08:00 ] ::1 /sign/index.php/Home/Number/
INFO: [ app_init ] --START--
INFO: Run Behavior\BuildLiteBehavior [ RunTime:0.000019s ]
INFO: [ app_init ] --END-- [ RunTime:0.001295s ]
INFO: [ app_begin ] --START--
INFO: Run Behavior\ReadHtmlCacheBehavior [ RunTime:0.002732s ]
INFO: [ app_begin ] --END-- [ RunTime:0.002805s ]
ERR: 非法操作:index

[ 2018-05-02T08:54:02+08:00 ] ::1 /sign/index.php/Home/Number/
INFO: [ app_init ] --START--
INFO: Run Behavior\BuildLiteBehavior [ RunTime:0.000013s ]
INFO: [ app_init ] --END-- [ RunTime:0.000913s ]
INFO: [ app_begin ] --START--
INFO: Run Behavior\ReadHtmlCacheBehavior [ RunTime:0.002508s ]
INFO: [ app_begin ] --END-- [ RunTime:0.002573s ]
ERR: 非法操作:index

[ 2018-05-02T08:54:03+08:00 ] ::1 /sign/index.php/Home/Number/
INFO: [ app_init ] --START--
INFO: Run Behavior\BuildLiteBehavior [ RunTime:0.000015s ]
INFO: [ app_init ] --END-- [ RunTime:0.000909s ]
INFO: [ app_begin ] --START--
INFO: Run Behavior\ReadHtmlCacheBehavior [ RunTime:0.002506s ]
INFO: [ app_begin ] --END-- [ RunTime:0.002564s ]
ERR: 非法操作:index

[ 2018-05-02T08:54:06+08:00 ] ::1 /sign/index.php/Home/Number/
INFO: [ app_init ] --START--
INFO: Run Behavior\BuildLiteBehavior [ RunTime:0.000013s ]
INFO: [ app_init ] --END-- [ RunTime:0.000840s ]
INFO: [ app_begin ] --START--
INFO: Run Behavior\ReadHtmlCacheBehavior [ RunTime:0.003111s ]
INFO: [ app_begin ] --END-- [ RunTime:0.003172s ]
ERR: 非法操作:index

[ 2018-05-02T08:54:07+08:00 ] ::1 /sign/index.php/Home/Number/
INFO: [ app_init ] --START--
INFO: Run Behavior\BuildLiteBehavior [ RunTime:0.000012s ]
INFO: [ app_init ] --END-- [ RunTime:0.000851s ]
INFO: [ app_begin ] --START--
INFO: Run Behavior\ReadHtmlCacheBehavior [ RunTime:0.002389s ]
INFO: [ app_begin ] --END-- [ RunTime:0.002448s ]
ERR: 非法操作:index

[ 2018-05-02T08:54:16+08:00 ] ::1 /sign/index.php/Home/Number/
INFO: [ app_init ] --START--
INFO: Run Behavior\BuildLiteBehavior [ RunTime:0.000014s ]
INFO: [ app_init ] --END-- [ RunTime:0.000878s ]
INFO: [ app_begin ] --START--
INFO: Run Behavior\ReadHtmlCacheBehavior [ RunTime:0.002348s ]
INFO: [ app_begin ] --END-- [ RunTime:0.002413s ]
ERR: 非法操作:index

[ 2018-05-02T08:54:18+08:00 ] ::1 /sign/index.php/Home/Number/
INFO: [ app_init ] --START--
INFO: Run Behavior\BuildLiteBehavior [ RunTime:0.000016s ]
INFO: [ app_init ] --END-- [ RunTime:0.000938s ]
INFO: [ app_begin ] --START--
INFO: Run Behavior\ReadHtmlCacheBehavior [ RunTime:0.003190s ]
INFO: [ app_begin ] --END-- [ RunTime:0.003290s ]
ERR: 非法操作:index

[ 2018-05-02T08:55:44+08:00 ] ::1 /sign/index.php/Home/Number/
INFO: [ app_init ] --START--
INFO: Run Behavior\BuildLiteBehavior [ RunTime:0.000012s ]
INFO: [ app_init ] --END-- [ RunTime:0.000561s ]
INFO: [ app_begin ] --START--
INFO: Run Behavior\ReadHtmlCacheBehavior [ RunTime:0.001191s ]
INFO: [ app_begin ] --END-- [ RunTime:0.001238s ]
ERR: 非法操作:index

[ 2018-05-02T08:55:55+08:00 ] ::1 /sign/index.php/Home/Number/number/
INFO: [ app_init ] --START--
INFO: Run Behavior\BuildLiteBehavior [ RunTime:0.000012s ]
INFO: [ app_init ] --END-- [ RunTime:0.000577s ]
INFO: [ app_begin ] --START--
INFO: Run Behavior\ReadHtmlCacheBehavior [ RunTime:0.001180s ]
INFO: [ app_begin ] --END-- [ RunTime:0.001231s ]
SQL: SELECT * FROM `sign_order`  [ RunTime:0.0004s ]
SQL: SELECT COUNT(*) AS tp_count FROM `sign_order` LIMIT 1   [ RunTime:0.0002s ]
SQL: SELECT SUM(price) AS tp_sum FROM `sign_order` WHERE ( uid=1 ) LIMIT 1   [ RunTime:0.0003s ]
NOTIC: [8] Array to string conversion E:\xampp\htdocs\sign\Application\Home\Controller\NumberController.class.php 第 14 行.
SQL: update sign_user set number='500' where id ='Array[uid]' [ RunTime:0.0003s ]
SQL: SELECT * FROM `sign_user` WHERE ( id=1 ) LIMIT 1   [ RunTime:0.0003s ]
SQL: SELECT SUM(price) AS tp_sum FROM `sign_order` WHERE ( uid=2 ) LIMIT 1   [ RunTime:0.0003s ]
NOTIC: [8] Array to string conversion E:\xampp\htdocs\sign\Application\Home\Controller\NumberController.class.php 第 14 行.
SQL: update sign_user set number='600' where id ='Array[uid]' [ RunTime:0.0002s ]
SQL: SELECT * FROM `sign_user` WHERE ( id=2 ) LIMIT 1   [ RunTime:0.0003s ]
SQL: SELECT SUM(price) AS tp_sum FROM `sign_order` WHERE ( uid=5 ) LIMIT 1   [ RunTime:0.0002s ]
NOTIC: [8] Array to string conversion E:\xampp\htdocs\sign\Application\Home\Controller\NumberController.class.php 第 14 行.
SQL: update sign_user set number='100' where id ='Array[uid]' [ RunTime:0.0002s ]
SQL: SELECT * FROM `sign_user` WHERE ( id=5 ) LIMIT 1   [ RunTime:0.0003s ]
SQL: SELECT SUM(price) AS tp_sum FROM `sign_order` WHERE ( uid=1 ) LIMIT 1   [ RunTime:0.0002s ]
NOTIC: [8] Array to string conversion E:\xampp\htdocs\sign\Application\Home\Controller\NumberController.class.php 第 14 行.
SQL: update sign_user set number='500' where id ='Array[uid]' [ RunTime:0.0002s ]
SQL: SELECT * FROM `sign_user` WHERE ( id=1 ) LIMIT 1   [ RunTime:0.0003s ]
SQL: SELECT SUM(price) AS tp_sum FROM `sign_order` WHERE ( uid=2 ) LIMIT 1   [ RunTime:0.0002s ]
NOTIC: [8] Array to string conversion E:\xampp\htdocs\sign\Application\Home\Controller\NumberController.class.php 第 14 行.
SQL: update sign_user set number='600' where id ='Array[uid]' [ RunTime:0.0002s ]
SQL: SELECT * FROM `sign_user` WHERE ( id=2 ) LIMIT 1   [ RunTime:0.0003s ]
INFO: [ app_end ] --START--
INFO: Run Behavior\ShowPageTraceBehavior [ RunTime:0.002163s ]
INFO: [ app_end ] --END-- [ RunTime:0.002215s ]

[ 2018-05-02T08:58:08+08:00 ] ::1 /sign/index.php/Home/Number/number/
INFO: [ app_init ] --START--
INFO: Run Behavior\BuildLiteBehavior [ RunTime:0.000013s ]
INFO: [ app_init ] --END-- [ RunTime:0.000494s ]
INFO: [ app_begin ] --START--
INFO: Run Behavior\ReadHtmlCacheBehavior [ RunTime:0.001433s ]
INFO: [ app_begin ] --END-- [ RunTime:0.001600s ]
SQL: SELECT * FROM `sign_order`  [ RunTime:0.0004s ]
SQL: SELECT COUNT(*) AS tp_count FROM `sign_order` LIMIT 1   [ RunTime:0.0003s ]
SQL: SELECT SUM(price) AS tp_sum FROM `sign_order` WHERE ( uid=1 ) LIMIT 1   [ RunTime:0.0003s ]
SQL: UPDATE `sign_user` SET `number`='500' WHERE ( id=1 ) [ RunTime:0.1095s ]
SQL: SELECT * FROM `sign_user` WHERE ( id=1 ) LIMIT 1   [ RunTime:0.0003s ]
SQL: SELECT SUM(price) AS tp_sum FROM `sign_order` WHERE ( uid=2 ) LIMIT 1   [ RunTime:0.0002s ]
SQL: UPDATE `sign_user` SET `number`='600' WHERE ( id=2 ) [ RunTime:0.0762s ]
SQL: SELECT * FROM `sign_user` WHERE ( id=2 ) LIMIT 1   [ RunTime:0.0003s ]
SQL: SELECT SUM(price) AS tp_sum FROM `sign_order` WHERE ( uid=5 ) LIMIT 1   [ RunTime:0.0002s ]
SQL: UPDATE `sign_user` SET `number`='100' WHERE ( id=5 ) [ RunTime:0.0551s ]
SQL: SELECT * FROM `sign_user` WHERE ( id=5 ) LIMIT 1   [ RunTime:0.0003s ]
SQL: SELECT SUM(price) AS tp_sum FROM `sign_order` WHERE ( uid=1 ) LIMIT 1   [ RunTime:0.0002s ]
SQL: UPDATE `sign_user` SET `number`='500' WHERE ( id=1 ) [ RunTime:0.0538s ]
SQL: SELECT * FROM `sign_user` WHERE ( id=1 ) LIMIT 1   [ RunTime:0.0005s ]
SQL: SELECT SUM(price) AS tp_sum FROM `sign_order` WHERE ( uid=2 ) LIMIT 1   [ RunTime:0.0003s ]
SQL: UPDATE `sign_user` SET `number`='600' WHERE ( id=2 ) [ RunTime:0.0548s ]
SQL: SELECT * FROM `sign_user` WHERE ( id=2 ) LIMIT 1   [ RunTime:0.0003s ]
INFO: [ app_end ] --START--
INFO: Run Behavior\ShowPageTraceBehavior [ RunTime:0.001364s ]
INFO: [ app_end ] --END-- [ RunTime:0.001406s ]

[ 2018-05-02T08:58:59+08:00 ] ::1 /sign/
INFO: [ app_init ] --START--
INFO: Run Behavior\BuildLiteBehavior [ RunTime:0.000023s ]
INFO: [ app_init ] --END-- [ RunTime:0.001022s ]
INFO: [ app_begin ] --START--
INFO: Run Behavior\ReadHtmlCacheBehavior [ RunTime:0.001209s ]
INFO: [ app_begin ] --END-- [ RunTime:0.001263s ]
INFO: [ view_parse ] --START--
INFO: [ template_filter ] --START--
INFO: Run Behavior\ContentReplaceBehavior [ RunTime:0.000038s ]
INFO: [ template_filter ] --END-- [ RunTime:0.000085s ]
INFO: Run Behavior\ParseTemplateBehavior [ RunTime:0.017693s ]
INFO: [ view_parse ] --END-- [ RunTime:0.017755s ]
INFO: [ view_filter ] --START--
INFO: Run Behavior\WriteHtmlCacheBehavior [ RunTime:0.001065s ]
INFO: [ view_filter ] --END-- [ RunTime:0.001099s ]
INFO: [ app_end ] --START--
INFO: Run Behavior\ShowPageTraceBehavior [ RunTime:0.001239s ]
INFO: [ app_end ] --END-- [ RunTime:0.001278s ]

[ 2018-05-02T08:59:05+08:00 ] ::1 /sign/index.php/Home/index/adminlogin.html
INFO: [ app_init ] --START--
INFO: Run Behavior\BuildLiteBehavior [ RunTime:0.000014s ]
INFO: [ app_init ] --END-- [ RunTime:0.000497s ]
INFO: [ app_begin ] --START--
INFO: Run Behavior\ReadHtmlCacheBehavior [ RunTime:0.001188s ]
INFO: [ app_begin ] --END-- [ RunTime:0.001242s ]
SQL: SELECT * FROM `sign_admin` WHERE `username` = 'admin' AND `password` = 'admin' LIMIT 1   [ RunTime:0.0004s ]
INFO: [ view_parse ] --START--
INFO: [ template_filter ] --START--
INFO: Run Behavior\ContentReplaceBehavior [ RunTime:0.000036s ]
INFO: [ template_filter ] --END-- [ RunTime:0.000084s ]
INFO: Run Behavior\ParseTemplateBehavior [ RunTime:0.010903s ]
INFO: [ view_parse ] --END-- [ RunTime:0.010963s ]
INFO: [ view_filter ] --START--
INFO: Run Behavior\WriteHtmlCacheBehavior [ RunTime:0.001065s ]
INFO: [ view_filter ] --END-- [ RunTime:0.001103s ]
INFO: [ app_end ] --START--
INFO: Run Behavior\ShowPageTraceBehavior [ RunTime:0.001241s ]
INFO: [ app_end ] --END-- [ RunTime:0.001280s ]

[ 2018-05-02T08:59:07+08:00 ] ::1 /sign/index.php/Home/index/main.html
INFO: [ app_init ] --START--
INFO: Run Behavior\BuildLiteBehavior [ RunTime:0.000017s ]
INFO: [ app_init ] --END-- [ RunTime:0.000751s ]
INFO: [ app_begin ] --START--
INFO: Run Behavior\ReadHtmlCacheBehavior [ RunTime:0.001348s ]
INFO: [ app_begin ] --END-- [ RunTime:0.001417s ]
INFO: [ view_parse ] --START--
INFO: [ template_filter ] --START--
INFO: Run Behavior\ContentReplaceBehavior [ RunTime:0.000042s ]
INFO: [ template_filter ] --END-- [ RunTime:0.000093s ]
INFO: Run Behavior\ParseTemplateBehavior [ RunTime:0.015011s ]
INFO: [ view_parse ] --END-- [ RunTime:0.015075s ]
INFO: [ view_filter ] --START--
INFO: Run Behavior\WriteHtmlCacheBehavior [ RunTime:0.001204s ]
INFO: [ view_filter ] --END-- [ RunTime:0.001251s ]
INFO: [ app_end ] --START--
INFO: Run Behavior\ShowPageTraceBehavior [ RunTime:0.001335s ]
INFO: [ app_end ] --END-- [ RunTime:0.001382s ]

[ 2018-05-02T08:59:08+08:00 ] ::1 /sign/index.php/Home/Index/yonghuliebiao.html
INFO: [ app_init ] --START--
INFO: Run Behavior\BuildLiteBehavior [ RunTime:0.000018s ]
INFO: [ app_init ] --END-- [ RunTime:0.000761s ]
INFO: [ app_begin ] --START--
INFO: Run Behavior\ReadHtmlCacheBehavior [ RunTime:0.001686s ]
INFO: [ app_begin ] --END-- [ RunTime:0.001766s ]
SQL: SELECT * FROM `sign_user`  [ RunTime:0.0004s ]
INFO: [ view_parse ] --START--
INFO: [ template_filter ] --START--
INFO: Run Behavior\ContentReplaceBehavior [ RunTime:0.000083s ]
INFO: [ template_filter ] --END-- [ RunTime:0.000164s ]
INFO: Run Behavior\ParseTemplateBehavior [ RunTime:0.022849s ]
INFO: [ view_parse ] --END-- [ RunTime:0.023010s ]
INFO: [ view_filter ] --START--
INFO: Run Behavior\WriteHtmlCacheBehavior [ RunTime:0.001795s ]
INFO: [ view_filter ] --END-- [ RunTime:0.001875s ]
INFO: [ app_end ] --START--
INFO: Run Behavior\ShowPageTraceBehavior [ RunTime:0.002071s ]
INFO: [ app_end ] --END-- [ RunTime:0.002151s ]

[ 2018-05-02T08:59:18+08:00 ] ::1 /sign/index.php/Home/Index/dingdanliebiao.html
INFO: [ app_init ] --START--
INFO: Run Behavior\BuildLiteBehavior [ RunTime:0.000011s ]
INFO: [ app_init ] --END-- [ RunTime:0.000459s ]
INFO: [ app_begin ] --START--
INFO: Run Behavior\ReadHtmlCacheBehavior [ RunTime:0.001654s ]
INFO: [ app_begin ] --END-- [ RunTime:0.001728s ]
SQL: SELECT * FROM `sign_order`  [ RunTime:0.0003s ]
SQL: SELECT COUNT(*) AS tp_count FROM `sign_order` LIMIT 1   [ RunTime:0.0002s ]
SQL: SELECT * FROM `sign_user` WHERE ( id=1 ) LIMIT 1   [ RunTime:0.0008s ]
SQL: SELECT * FROM `sign_user` WHERE ( id=2 ) LIMIT 1   [ RunTime:0.0003s ]
SQL: SELECT * FROM `sign_user` WHERE ( id=5 ) LIMIT 1   [ RunTime:0.0003s ]
SQL: SELECT * FROM `sign_user` WHERE ( id=1 ) LIMIT 1   [ RunTime:0.0003s ]
SQL: SELECT * FROM `sign_user` WHERE ( id=2 ) LIMIT 1   [ RunTime:0.0003s ]
INFO: [ view_parse ] --START--
INFO: [ template_filter ] --START--
INFO: Run Behavior\ContentReplaceBehavior [ RunTime:0.000048s ]
INFO: [ template_filter ] --END-- [ RunTime:0.000095s ]
INFO: Run Behavior\ParseTemplateBehavior [ RunTime:0.036365s ]
INFO: [ view_parse ] --END-- [ RunTime:0.036427s ]
INFO: [ view_filter ] --START--
INFO: Run Behavior\WriteHtmlCacheBehavior [ RunTime:0.001124s ]
INFO: [ view_filter ] --END-- [ RunTime:0.001162s ]
INFO: [ app_end ] --START--
INFO: Run Behavior\ShowPageTraceBehavior [ RunTime:0.001431s ]
INFO: [ app_end ] --END-- [ RunTime:0.001483s ]

[ 2018-05-02T08:59:26+08:00 ] ::1 /sign/index.php/Home/Index/yonghuliebiao.html
INFO: [ app_init ] --START--
INFO: Run Behavior\BuildLiteBehavior [ RunTime:0.000012s ]
INFO: [ app_init ] --END-- [ RunTime:0.000504s ]
INFO: [ app_begin ] --START--
INFO: Run Behavior\ReadHtmlCacheBehavior [ RunTime:0.001209s ]
INFO: [ app_begin ] --END-- [ RunTime:0.001265s ]
SQL: SELECT * FROM `sign_user`  [ RunTime:0.0004s ]
INFO: [ view_parse ] --START--
INFO: [ template_filter ] --START--
INFO: Run Behavior\ContentReplaceBehavior [ RunTime:0.000075s ]
INFO: [ template_filter ] --END-- [ RunTime:0.000124s ]
INFO: Run Behavior\ParseTemplateBehavior [ RunTime:0.016070s ]
INFO: [ view_parse ] --END-- [ RunTime:0.016132s ]
INFO: [ view_filter ] --START--
INFO: Run Behavior\WriteHtmlCacheBehavior [ RunTime:0.001148s ]
INFO: [ view_filter ] --END-- [ RunTime:0.001184s ]
INFO: [ app_end ] --START--
INFO: Run Behavior\ShowPageTraceBehavior [ RunTime:0.002696s ]
INFO: [ app_end ] --END-- [ RunTime:0.002847s ]

[ 2018-05-02T08:59:55+08:00 ] ::1 /sign/index.php/Home/Index/yonghuliebiao.html
INFO: [ app_init ] --START--
INFO: Run Behavior\BuildLiteBehavior [ RunTime:0.000023s ]
INFO: [ app_init ] --END-- [ RunTime:0.000572s ]
INFO: [ app_begin ] --START--
INFO: Run Behavior\ReadHtmlCacheBehavior [ RunTime:0.001181s ]
INFO: [ app_begin ] --END-- [ RunTime:0.001232s ]
SQL: SELECT * FROM `sign_user`  [ RunTime:0.0003s ]
INFO: [ view_parse ] --START--
INFO: [ template_filter ] --START--
INFO: Run Behavior\ContentReplaceBehavior [ RunTime:0.000053s ]
INFO: [ template_filter ] --END-- [ RunTime:0.000097s ]
INFO: Run Behavior\ParseTemplateBehavior [ RunTime:0.015195s ]
INFO: [ view_parse ] --END-- [ RunTime:0.015256s ]
INFO: [ view_filter ] --START--
INFO: Run Behavior\WriteHtmlCacheBehavior [ RunTime:0.001112s ]
INFO: [ view_filter ] --END-- [ RunTime:0.001149s ]
INFO: [ app_end ] --START--
INFO: Run Behavior\ShowPageTraceBehavior [ RunTime:0.001418s ]
INFO: [ app_end ] --END-- [ RunTime:0.001468s ]

[ 2018-05-02T08:59:58+08:00 ] ::1 /sign/index.php/Home/Index/yonghuliebiao.html
INFO: [ app_init ] --START--
INFO: Run Behavior\BuildLiteBehavior [ RunTime:0.000011s ]
INFO: [ app_init ] --END-- [ RunTime:0.000470s ]
INFO: [ app_begin ] --START--
INFO: Run Behavior\ReadHtmlCacheBehavior [ RunTime:0.002263s ]
INFO: [ app_begin ] --END-- [ RunTime:0.002343s ]
SQL: SELECT * FROM `sign_user`  [ RunTime:0.0003s ]
INFO: [ view_parse ] --START--
INFO: [ template_filter ] --START--
INFO: Run Behavior\ContentReplaceBehavior [ RunTime:0.000051s ]
INFO: [ template_filter ] --END-- [ RunTime:0.000095s ]
INFO: Run Behavior\ParseTemplateBehavior [ RunTime:0.014235s ]
INFO: [ view_parse ] --END-- [ RunTime:0.014326s ]
INFO: [ view_filter ] --START--
INFO: Run Behavior\WriteHtmlCacheBehavior [ RunTime:0.001165s ]
INFO: [ view_filter ] --END-- [ RunTime:0.001208s ]
INFO: [ app_end ] --START--
INFO: Run Behavior\ShowPageTraceBehavior [ RunTime:0.003059s ]
INFO: [ app_end ] --END-- [ RunTime:0.003150s ]

[ 2018-05-02T09:05:50+08:00 ] ::1 /sign/index.php/Home/Number/number/
INFO: [ app_init ] --START--
INFO: Run Behavior\BuildLiteBehavior [ RunTime:0.000029s ]
INFO: [ app_init ] --END-- [ RunTime:0.000800s ]
INFO: [ app_begin ] --START--
INFO: Run Behavior\ReadHtmlCacheBehavior [ RunTime:0.000953s ]
INFO: [ app_begin ] --END-- [ RunTime:0.001011s ]
SQL: SELECT * FROM `sign_order`  [ RunTime:0.0005s ]
SQL: SELECT COUNT(*) AS tp_count FROM `sign_order` LIMIT 1   [ RunTime:0.0003s ]
SQL: SELECT SUM(price) AS tp_sum FROM `sign_order` WHERE ( uid=1 ) LIMIT 1   [ RunTime:0.0003s ]
SQL: UPDATE `sign_user` SET `number`='500' WHERE ( id=1 ) [ RunTime:0.1010s ]
SQL: SELECT * FROM `sign_user` WHERE ( id=1 ) LIMIT 1   [ RunTime:0.0003s ]
SQL: SELECT * FROM `sign_user` WHERE ( id=1 ) LIMIT 1   [ RunTime:0.0003s ]
SQL: SELECT SUM(price) AS tp_sum FROM `sign_order` WHERE ( uid=2 ) LIMIT 1   [ RunTime:0.0002s ]
SQL: UPDATE `sign_user` SET `number`='600' WHERE ( id=2 ) [ RunTime:0.0536s ]
SQL: SELECT * FROM `sign_user` WHERE ( id=2 ) LIMIT 1   [ RunTime:0.0003s ]
SQL: SELECT * FROM `sign_user` WHERE ( id=2 ) LIMIT 1   [ RunTime:0.0003s ]
SQL: SELECT SUM(price) AS tp_sum FROM `sign_order` WHERE ( uid=5 ) LIMIT 1   [ RunTime:0.0002s ]
SQL: UPDATE `sign_user` SET `number`='100' WHERE ( id=5 ) [ RunTime:0.0661s ]
SQL: SELECT * FROM `sign_user` WHERE ( id=5 ) LIMIT 1   [ RunTime:0.0003s ]
SQL: SELECT * FROM `sign_user` WHERE ( id=5 ) LIMIT 1   [ RunTime:0.0003s ]
SQL: SELECT SUM(price) AS tp_sum FROM `sign_order` WHERE ( uid=1 ) LIMIT 1   [ RunTime:0.0002s ]
SQL: UPDATE `sign_user` SET `number`='500' WHERE ( id=1 ) [ RunTime:0.0647s ]
SQL: SELECT * FROM `sign_user` WHERE ( id=1 ) LIMIT 1   [ RunTime:0.0003s ]
SQL: SELECT * FROM `sign_user` WHERE ( id=1 ) LIMIT 1   [ RunTime:0.0003s ]
SQL: SELECT SUM(price) AS tp_sum FROM `sign_order` WHERE ( uid=2 ) LIMIT 1   [ RunTime:0.0002s ]
SQL: UPDATE `sign_user` SET `number`='600' WHERE ( id=2 ) [ RunTime:0.0660s ]
SQL: SELECT * FROM `sign_user` WHERE ( id=2 ) LIMIT 1   [ RunTime:0.0003s ]
SQL: SELECT * FROM `sign_user` WHERE ( id=2 ) LIMIT 1   [ RunTime:0.0003s ]
INFO: [ app_end ] --START--
INFO: Run Behavior\ShowPageTraceBehavior [ RunTime:0.001314s ]
INFO: [ app_end ] --END-- [ RunTime:0.001430s ]

[ 2018-05-02T09:08:09+08:00 ] ::1 /sign/index.php/Home/Number/number/
INFO: [ app_init ] --START--
INFO: Run Behavior\BuildLiteBehavior [ RunTime:0.000012s ]
INFO: [ app_init ] --END-- [ RunTime:0.000474s ]
INFO: [ app_begin ] --START--
INFO: Run Behavior\ReadHtmlCacheBehavior [ RunTime:0.001232s ]
INFO: [ app_begin ] --END-- [ RunTime:0.001291s ]
SQL: SELECT * FROM `sign_order`  [ RunTime:0.0004s ]
SQL: SELECT COUNT(*) AS tp_count FROM `sign_order` LIMIT 1   [ RunTime:0.0002s ]
SQL: SELECT SUM(price) AS tp_sum FROM `sign_order` WHERE ( uid=1 ) LIMIT 1   [ RunTime:0.0002s ]
SQL: UPDATE `sign_user` SET `number`='500' WHERE ( id=1 ) [ RunTime:0.1490s ]
SQL: SELECT * FROM `sign_user` WHERE ( id=1 ) LIMIT 1   [ RunTime:0.0003s ]
SQL: SELECT SUM(price) AS tp_sum FROM `sign_order` WHERE ( uid=2 ) LIMIT 1   [ RunTime:0.0002s ]
SQL: UPDATE `sign_user` SET `number`='600' WHERE ( id=2 ) [ RunTime:0.0551s ]
SQL: SELECT * FROM `sign_user` WHERE ( id=2 ) LIMIT 1   [ RunTime:0.0003s ]
SQL: SELECT SUM(price) AS tp_sum FROM `sign_order` WHERE ( uid=5 ) LIMIT 1   [ RunTime:0.0005s ]
SQL: UPDATE `sign_user` SET `number`='100' WHERE ( id=5 ) [ RunTime:0.0647s ]
SQL: SELECT * FROM `sign_user` WHERE ( id=5 ) LIMIT 1   [ RunTime:0.0003s ]
SQL: SELECT SUM(price) AS tp_sum FROM `sign_order` WHERE ( uid=1 ) LIMIT 1   [ RunTime:0.0002s ]
SQL: UPDATE `sign_user` SET `number`='500' WHERE ( id=1 ) [ RunTime:0.0553s ]
SQL: SELECT * FROM `sign_user` WHERE ( id=1 ) LIMIT 1   [ RunTime:0.0003s ]
SQL: SELECT SUM(price) AS tp_sum FROM `sign_order` WHERE ( uid=2 ) LIMIT 1   [ RunTime:0.0002s ]
SQL: UPDATE `sign_user` SET `number`='600' WHERE ( id=2 ) [ RunTime:0.0541s ]
SQL: SELECT * FROM `sign_user` WHERE ( id=2 ) LIMIT 1   [ RunTime:0.0003s ]
SQL: SELECT * FROM `sign_user`  [ RunTime:0.0003s ]
INFO: [ app_end ] --START--
INFO: Run Behavior\ShowPageTraceBehavior [ RunTime:0.002035s ]
INFO: [ app_end ] --END-- [ RunTime:0.002121s ]

[ 2018-05-02T09:08:59+08:00 ] ::1 /sign/index.php/Home/Number/number/
INFO: [ app_init ] --START--
INFO: Run Behavior\BuildLiteBehavior [ RunTime:0.000015s ]
INFO: [ app_init ] --END-- [ RunTime:0.000545s ]
INFO: [ app_begin ] --START--
INFO: Run Behavior\ReadHtmlCacheBehavior [ RunTime:0.001819s ]
INFO: [ app_begin ] --END-- [ RunTime:0.001914s ]
SQL: SELECT * FROM `sign_order`  [ RunTime:0.0004s ]
SQL: SELECT COUNT(*) AS tp_count FROM `sign_order` LIMIT 1   [ RunTime:0.0002s ]
SQL: SELECT SUM(price) AS tp_sum FROM `sign_order` WHERE ( uid=1 ) LIMIT 1   [ RunTime:0.0003s ]
SQL: UPDATE `sign_user` SET `number`='500' WHERE ( id=1 ) [ RunTime:0.1232s ]
SQL: SELECT * FROM `sign_user` WHERE ( id=1 ) LIMIT 1   [ RunTime:0.0003s ]
SQL: SELECT * FROM `sign_user` WHERE ( id=1 ) LIMIT 1   [ RunTime:0.0003s ]
SQL: SELECT SUM(price) AS tp_sum FROM `sign_order` WHERE ( uid=2 ) LIMIT 1   [ RunTime:0.0002s ]
SQL: UPDATE `sign_user` SET `number`='600' WHERE ( id=2 ) [ RunTime:0.0648s ]
SQL: SELECT * FROM `sign_user` WHERE ( id=2 ) LIMIT 1   [ RunTime:0.0004s ]
SQL: SELECT * FROM `sign_user` WHERE ( id=2 ) LIMIT 1   [ RunTime:0.0003s ]
SQL: SELECT SUM(price) AS tp_sum FROM `sign_order` WHERE ( uid=5 ) LIMIT 1   [ RunTime:0.0002s ]
SQL: UPDATE `sign_user` SET `number`='100' WHERE ( id=5 ) [ RunTime:0.0771s ]
SQL: SELECT * FROM `sign_user` WHERE ( id=5 ) LIMIT 1   [ RunTime:0.0003s ]
SQL: SELECT * FROM `sign_user` WHERE ( id=5 ) LIMIT 1   [ RunTime:0.0002s ]
SQL: SELECT SUM(price) AS tp_sum FROM `sign_order` WHERE ( uid=1 ) LIMIT 1   [ RunTime:0.0002s ]
SQL: UPDATE `sign_user` SET `number`='500' WHERE ( id=1 ) [ RunTime:0.0538s ]
SQL: SELECT * FROM `sign_user` WHERE ( id=1 ) LIMIT 1   [ RunTime:0.0003s ]
SQL: SELECT * FROM `sign_user` WHERE ( id=1 ) LIMIT 1   [ RunTime:0.0002s ]
SQL: SELECT SUM(price) AS tp_sum FROM `sign_order` WHERE ( uid=2 ) LIMIT 1   [ RunTime:0.0002s ]
SQL: UPDATE `sign_user` SET `number`='600' WHERE ( id=2 ) [ RunTime:0.0772s ]
SQL: SELECT * FROM `sign_user` WHERE ( id=2 ) LIMIT 1   [ RunTime:0.0003s ]
SQL: SELECT * FROM `sign_user` WHERE ( id=2 ) LIMIT 1   [ RunTime:0.0002s ]
INFO: [ app_end ] --START--
INFO: Run Behavior\ShowPageTraceBehavior [ RunTime:0.001379s ]
INFO: [ app_end ] --END-- [ RunTime:0.001427s ]

[ 2018-05-02T09:09:26+08:00 ] ::1 /sign/index.php/Home/Number/number/
INFO: [ app_init ] --START--
INFO: Run Behavior\BuildLiteBehavior [ RunTime:0.000019s ]
INFO: [ app_init ] --END-- [ RunTime:0.000758s ]
INFO: [ app_begin ] --START--
INFO: Run Behavior\ReadHtmlCacheBehavior [ RunTime:0.001739s ]
INFO: [ app_begin ] --END-- [ RunTime:0.001826s ]
SQL: SELECT * FROM `sign_order`  [ RunTime:0.0004s ]
SQL: SELECT COUNT(*) AS tp_count FROM `sign_order` LIMIT 1   [ RunTime:0.0002s ]
SQL: SELECT SUM(price) AS tp_sum FROM `sign_order` WHERE ( uid=1 ) LIMIT 1   [ RunTime:0.0002s ]
SQL: UPDATE `sign_user` SET `number`='500' WHERE ( id=1 ) [ RunTime:0.0879s ]
SQL: SELECT * FROM `sign_user` WHERE ( id=1 ) LIMIT 1   [ RunTime:0.0006s ]
SQL: SELECT * FROM `sign_user` WHERE ( id=1 ) LIMIT 1   [ RunTime:0.0005s ]
SQL: SELECT SUM(price) AS tp_sum FROM `sign_order` WHERE ( uid=2 ) LIMIT 1   [ RunTime:0.0003s ]
SQL: UPDATE `sign_user` SET `number`='600' WHERE ( id=2 ) [ RunTime:0.0748s ]
SQL: SELECT * FROM `sign_user` WHERE ( id=2 ) LIMIT 1   [ RunTime:0.0003s ]
SQL: SELECT * FROM `sign_user` WHERE ( id=2 ) LIMIT 1   [ RunTime:0.0002s ]
SQL: SELECT SUM(price) AS tp_sum FROM `sign_order` WHERE ( uid=5 ) LIMIT 1   [ RunTime:0.0002s ]
SQL: UPDATE `sign_user` SET `number`='100' WHERE ( id=5 ) [ RunTime:0.0886s ]
SQL: SELECT * FROM `sign_user` WHERE ( id=5 ) LIMIT 1   [ RunTime:0.0005s ]
SQL: SELECT * FROM `sign_user` WHERE ( id=5 ) LIMIT 1   [ RunTime:0.0004s ]
SQL: SELECT SUM(price) AS tp_sum FROM `sign_order` WHERE ( uid=1 ) LIMIT 1   [ RunTime:0.0003s ]
SQL: UPDATE `sign_user` SET `number`='500' WHERE ( id=1 ) [ RunTime:0.2647s ]
SQL: SELECT * FROM `sign_user` WHERE ( id=1 ) LIMIT 1   [ RunTime:0.0005s ]
SQL: SELECT * FROM `sign_user` WHERE ( id=1 ) LIMIT 1   [ RunTime:0.0003s ]
SQL: SELECT SUM(price) AS tp_sum FROM `sign_order` WHERE ( uid=2 ) LIMIT 1   [ RunTime:0.0003s ]
SQL: UPDATE `sign_user` SET `number`='600' WHERE ( id=2 ) [ RunTime:0.0644s ]
SQL: SELECT * FROM `sign_user` WHERE ( id=2 ) LIMIT 1   [ RunTime:0.0008s ]
SQL: SELECT * FROM `sign_user` WHERE ( id=2 ) LIMIT 1   [ RunTime:0.0004s ]
INFO: [ app_end ] --START--
INFO: Run Behavior\ShowPageTraceBehavior [ RunTime:0.001700s ]
INFO: [ app_end ] --END-- [ RunTime:0.001761s ]

[ 2018-05-02T09:13:26+08:00 ] ::1 /sign/index.php/Home/Number/number/
INFO: [ app_init ] --START--
INFO: Run Behavior\BuildLiteBehavior [ RunTime:0.000011s ]
INFO: [ app_init ] --END-- [ RunTime:0.000475s ]
INFO: [ app_begin ] --START--
INFO: Run Behavior\ReadHtmlCacheBehavior [ RunTime:0.001273s ]
INFO: [ app_begin ] --END-- [ RunTime:0.001323s ]
SQL: SELECT * FROM `sign_order`  [ RunTime:0.0004s ]
SQL: SELECT COUNT(*) AS tp_count FROM `sign_order` LIMIT 1   [ RunTime:0.0002s ]
SQL: SELECT SUM(price) AS tp_sum FROM `sign_order` WHERE ( uid=1 ) LIMIT 1   [ RunTime:0.0002s ]
SQL: UPDATE `sign_user` SET `number`='500' WHERE ( id=1 ) [ RunTime:0.0879s ]
SQL: SELECT * FROM `sign_user` WHERE ( id=1 ) LIMIT 1   [ RunTime:0.0003s ]
SQL: UPDATE `sign_user` SET `grade`='2' WHERE ( id=1 ) [ RunTime:0.0547s ]
SQL: SELECT * FROM `sign_user` WHERE ( id=1 ) LIMIT 1   [ RunTime:0.0003s ]
SQL: SELECT SUM(price) AS tp_sum FROM `sign_order` WHERE ( uid=2 ) LIMIT 1   [ RunTime:0.0002s ]
SQL: UPDATE `sign_user` SET `number`='600' WHERE ( id=2 ) [ RunTime:0.0539s ]
SQL: SELECT * FROM `sign_user` WHERE ( id=2 ) LIMIT 1   [ RunTime:0.0003s ]
SQL: UPDATE `sign_user` SET `grade`='3' WHERE ( id=2 ) [ RunTime:0.0444s ]
SQL: SELECT * FROM `sign_user` WHERE ( id=2 ) LIMIT 1   [ RunTime:0.0003s ]
SQL: SELECT SUM(price) AS tp_sum FROM `sign_order` WHERE ( uid=5 ) LIMIT 1   [ RunTime:0.0002s ]
SQL: UPDATE `sign_user` SET `number`='100' WHERE ( id=5 ) [ RunTime:0.0539s ]
SQL: SELECT * FROM `sign_user` WHERE ( id=5 ) LIMIT 1   [ RunTime:0.0003s ]
SQL: UPDATE `sign_user` SET `grade`='1' WHERE ( id=5 ) [ RunTime:0.0444s ]
SQL: SELECT * FROM `sign_user` WHERE ( id=5 ) LIMIT 1   [ RunTime:0.0003s ]
SQL: SELECT SUM(price) AS tp_sum FROM `sign_order` WHERE ( uid=1 ) LIMIT 1   [ RunTime:0.0002s ]
SQL: UPDATE `sign_user` SET `number`='500' WHERE ( id=1 ) [ RunTime:0.0540s ]
SQL: SELECT * FROM `sign_user` WHERE ( id=1 ) LIMIT 1   [ RunTime:0.0003s ]
SQL: UPDATE `sign_user` SET `grade`='2' WHERE ( id=1 ) [ RunTime:0.0444s ]
SQL: SELECT * FROM `sign_user` WHERE ( id=1 ) LIMIT 1   [ RunTime:0.0003s ]
SQL: SELECT SUM(price) AS tp_sum FROM `sign_order` WHERE ( uid=2 ) LIMIT 1   [ RunTime:0.0002s ]
SQL: UPDATE `sign_user` SET `number`='600' WHERE ( id=2 ) [ RunTime:0.0763s ]
SQL: SELECT * FROM `sign_user` WHERE ( id=2 ) LIMIT 1   [ RunTime:0.0003s ]
SQL: UPDATE `sign_user` SET `grade`='3' WHERE ( id=2 ) [ RunTime:0.0779s ]
SQL: SELECT * FROM `sign_user` WHERE ( id=2 ) LIMIT 1   [ RunTime:0.0003s ]
INFO: [ app_end ] --START--
INFO: Run Behavior\ShowPageTraceBehavior [ RunTime:0.001714s ]
INFO: [ app_end ] --END-- [ RunTime:0.001788s ]

[ 2018-05-02T09:13:29+08:00 ] ::1 /sign/index.php/Home/Index/yonghuliebiao.html
INFO: [ app_init ] --START--
INFO: Run Behavior\BuildLiteBehavior [ RunTime:0.000013s ]
INFO: [ app_init ] --END-- [ RunTime:0.000473s ]
INFO: [ app_begin ] --START--
INFO: Run Behavior\ReadHtmlCacheBehavior [ RunTime:0.001093s ]
INFO: [ app_begin ] --END-- [ RunTime:0.001144s ]
SQL: SELECT * FROM `sign_user`  [ RunTime:0.0003s ]
INFO: [ view_parse ] --START--
INFO: [ template_filter ] --START--
INFO: Run Behavior\ContentReplaceBehavior [ RunTime:0.000057s ]
INFO: [ template_filter ] --END-- [ RunTime:0.000100s ]
INFO: Run Behavior\ParseTemplateBehavior [ RunTime:0.014712s ]
INFO: [ view_parse ] --END-- [ RunTime:0.014769s ]
INFO: [ view_filter ] --START--
INFO: Run Behavior\WriteHtmlCacheBehavior [ RunTime:0.000985s ]
INFO: [ view_filter ] --END-- [ RunTime:0.001020s ]
INFO: [ app_end ] --START--
INFO: Run Behavior\ShowPageTraceBehavior [ RunTime:0.001984s ]
INFO: [ app_end ] --END-- [ RunTime:0.002052s ]

